[0.005s] Invoking command in '/home/soni/Documents/vanttec_uuv/build/uuv_control': CMAKE_PREFIX_PATH=/opt/ros/humble /usr/bin/cmake /home/soni/Documents/vanttec_uuv/uuv_control -DCMAKE_INSTALL_PREFIX=/home/soni/Documents/vanttec_uuv/install/uuv_control
[0.058s] -- The C compiler identification is GNU 11.4.0
[0.113s] -- The CXX compiler identification is GNU 11.4.0
[0.120s] -- Detecting C compiler ABI info
[0.196s] -- Detecting C compiler ABI info - done
[0.205s] -- Check for working C compiler: /usr/bin/cc - skipped
[0.205s] -- Detecting C compile features
[0.205s] -- Detecting C compile features - done
[0.209s] -- Detecting CXX compiler ABI info
[0.284s] -- Detecting CXX compiler ABI info - done
[0.290s] -- Check for working CXX compiler: /usr/bin/c++ - skipped
[0.290s] -- Detecting CXX compile features
[0.290s] -- Detecting CXX compile features - done
[0.292s] -- Found ament_cmake: 1.3.11 (/opt/ros/humble/share/ament_cmake/cmake)
[0.409s] -- Found Python3: /usr/bin/python3 (found version "3.10.12") found components: Interpreter 
[0.460s] -- Found rclcpp: 16.0.11 (/opt/ros/humble/share/rclcpp/cmake)
[0.476s] -- Found rosidl_generator_c: 3.1.6 (/opt/ros/humble/share/rosidl_generator_c/cmake)
[0.478s] -- Found rosidl_adapter: 3.1.6 (/opt/ros/humble/share/rosidl_adapter/cmake)
[0.482s] -- Found rosidl_generator_cpp: 3.1.6 (/opt/ros/humble/share/rosidl_generator_cpp/cmake)
[0.487s] -- Using all available rosidl_typesupport_c: rosidl_typesupport_fastrtps_c;rosidl_typesupport_introspection_c
[0.493s] -- Using all available rosidl_typesupport_cpp: rosidl_typesupport_fastrtps_cpp;rosidl_typesupport_introspection_cpp
[0.511s] -- Found rmw_implementation_cmake: 6.1.2 (/opt/ros/humble/share/rmw_implementation_cmake/cmake)
[0.512s] -- Found rmw_fastrtps_cpp: 6.2.7 (/opt/ros/humble/share/rmw_fastrtps_cpp/cmake)
[0.592s] -- Found OpenSSL: /usr/lib/x86_64-linux-gnu/libcrypto.so (found version "3.0.2")  
[0.617s] -- Found FastRTPS: /opt/ros/humble/include  
[0.645s] -- Using RMW implementation 'rmw_fastrtps_cpp' as default
[0.650s] -- Looking for pthread.h
[0.707s] -- Looking for pthread.h - found
[0.708s] -- Performing Test CMAKE_HAVE_LIBC_PTHREAD
[0.784s] -- Performing Test CMAKE_HAVE_LIBC_PTHREAD - Success
[0.785s] -- Found Threads: TRUE  
[0.810s] -- Found geometry_msgs: 4.2.4 (/opt/ros/humble/share/geometry_msgs/cmake)
[0.816s] -- Found nav_msgs: 4.2.4 (/opt/ros/humble/share/nav_msgs/cmake)
[0.824s] -- Found tf2_geometry_msgs: 0.25.11 (/opt/ros/humble/share/tf2_geometry_msgs/cmake)
[0.829s] -- Found eigen3_cmake_module: 0.1.1 (/opt/ros/humble/share/eigen3_cmake_module/cmake)
[0.830s] -- Found Eigen3: TRUE (found version "3.4.0") 
[0.830s] -- Ensuring Eigen3 include directory is part of orocos-kdl CMake target
[0.873s] -- Found visualization_msgs: 4.2.4 (/opt/ros/humble/share/visualization_msgs/cmake)
[0.894s] -- Configuring incomplete, errors occurred!
[0.894s] See also "/home/soni/Documents/vanttec_uuv/build/uuv_control/CMakeFiles/CMakeOutput.log".
[0.894s] [31mCMake Error at CMakeLists.txt:19 (find_package):
[0.894s]   By not providing "Findros2launch.cmake" in CMAKE_MODULE_PATH this project
[0.894s]   has asked CMake to find a package configuration file provided by
[0.894s]   "ros2launch", but CMake did not find one.
[0.894s] 
[0.894s]   Could not find a package configuration file provided by "ros2launch" with
[0.894s]   any of the following names:
[0.894s] 
[0.894s]     ros2launchConfig.cmake
[0.894s]     ros2launch-config.cmake
[0.894s] 
[0.894s]   Add the installation prefix of "ros2launch" to CMAKE_PREFIX_PATH or set
[0.894s]   "ros2launch_DIR" to a directory containing one of the above files.  If
[0.894s]   "ros2launch" provides a separate development package or SDK, be sure it has
[0.894s]   been installed.
[0.894s] 
[0.894s] [0m
[0.900s] Invoked command in '/home/soni/Documents/vanttec_uuv/build/uuv_control' returned '1': CMAKE_PREFIX_PATH=/opt/ros/humble /usr/bin/cmake /home/soni/Documents/vanttec_uuv/uuv_control -DCMAKE_INSTALL_PREFIX=/home/soni/Documents/vanttec_uuv/install/uuv_control
