[0.005s] Invoking command in '/home/soni/Documents/vanttec_uuv/build/uuv_control': CMAKE_PREFIX_PATH=/opt/ros/humble /usr/bin/cmake /home/soni/Documents/vanttec_uuv/uuv_control -DCMAKE_INSTALL_PREFIX=/home/soni/Documents/vanttec_uuv/install/uuv_control
[0.012s] -- Found ament_cmake: 1.3.11 (/opt/ros/humble/share/ament_cmake/cmake)
[0.101s] -- Found rclcpp: 16.0.11 (/opt/ros/humble/share/rclcpp/cmake)
[0.115s] -- Found rosidl_generator_c: 3.1.6 (/opt/ros/humble/share/rosidl_generator_c/cmake)
[0.116s] -- Found rosidl_adapter: 3.1.6 (/opt/ros/humble/share/rosidl_adapter/cmake)
[0.119s] -- Found rosidl_generator_cpp: 3.1.6 (/opt/ros/humble/share/rosidl_generator_cpp/cmake)
[0.123s] -- Using all available rosidl_typesupport_c: rosidl_typesupport_fastrtps_c;rosidl_typesupport_introspection_c
[0.129s] -- Using all available rosidl_typesupport_cpp: rosidl_typesupport_fastrtps_cpp;rosidl_typesupport_introspection_cpp
[0.144s] -- Found rmw_implementation_cmake: 6.1.2 (/opt/ros/humble/share/rmw_implementation_cmake/cmake)
[0.144s] -- Found rmw_fastrtps_cpp: 6.2.7 (/opt/ros/humble/share/rmw_fastrtps_cpp/cmake)
[0.195s] -- Using RMW implementation 'rmw_fastrtps_cpp' as default
[0.227s] -- Found geometry_msgs: 4.2.4 (/opt/ros/humble/share/geometry_msgs/cmake)
[0.232s] -- Found nav_msgs: 4.2.4 (/opt/ros/humble/share/nav_msgs/cmake)
[0.240s] -- Found tf2_geometry_msgs: 0.25.11 (/opt/ros/humble/share/tf2_geometry_msgs/cmake)
[0.241s] -- Found eigen3_cmake_module: 0.1.1 (/opt/ros/humble/share/eigen3_cmake_module/cmake)
[0.242s] -- Ensuring Eigen3 include directory is part of orocos-kdl CMake target
[0.280s] -- Found visualization_msgs: 4.2.4 (/opt/ros/humble/share/visualization_msgs/cmake)
[0.300s] -- Found Boost: /usr/lib/x86_64-linux-gnu/cmake/Boost-1.74.0/BoostConfig.cmake (found suitable version "1.74.0", minimum required is "1.45.0") found components: filesystem 
[1.823s] -- Found Python: /usr/bin/python3.10 (found version "3.10.12") found components: Interpreter 
[1.974s] -- Found Python3: /usr/bin/python3 (found version "3.10.12") found components: Interpreter Development Development.Module Development.Embed 
[1.977s] [31mCMake Error at libs/uuv_libs/CMakeLists.txt:18 (add_subdirectory):
[1.977s]   The source directory
[1.977s] 
[1.978s]     /home/soni/Documents/vanttec_uuv/uuv_control/libs/uuv_libs/pybind11
[1.978s] 
[1.978s]   does not contain a CMakeLists.txt file.
[1.978s] 
[1.978s] [0m
[1.983s] -- Found ament_lint_auto: 0.12.11 (/opt/ros/humble/share/ament_lint_auto/cmake)
[2.035s] -- Added test 'cppcheck' to perform static code analysis on C / C++ code
[2.035s] -- Configured cppcheck include dirs: $<BUILD_INTERFACE:/home/soni/Documents/vanttec_uuv/uuv_control/include>;/home/soni/Documents/vanttec_uuv/uuv_control/libs/uuv_libs/src
[2.035s] -- Configured cppcheck exclude dirs and/or files: 
[2.035s] -- Added test 'flake8' to check Python code syntax and style conventions
[2.036s] -- Added test 'lint_cmake' to check CMake code style
[2.036s] -- Added test 'pep257' to check Python code against some of the docstring style conventions in PEP 257
[2.037s] -- Added test 'uncrustify' to check C / C++ code style
[2.037s] -- Configured uncrustify additional arguments: 
[2.037s] -- Added test 'xmllint' to check XML markup files
[2.037s] -- Configuring incomplete, errors occurred!
[2.037s] See also "/home/soni/Documents/vanttec_uuv/build/uuv_control/CMakeFiles/CMakeOutput.log".
[2.044s] Invoked command in '/home/soni/Documents/vanttec_uuv/build/uuv_control' returned '1': CMAKE_PREFIX_PATH=/opt/ros/humble /usr/bin/cmake /home/soni/Documents/vanttec_uuv/uuv_control -DCMAKE_INSTALL_PREFIX=/home/soni/Documents/vanttec_uuv/install/uuv_control
